
2019-06-24 16:29:15,178 INFO main [class com.fengzhaung.seleniumdriver]info(line:45)查找元素超时By.linkText: 退出
2019-06-24 16:37:40,696 INFO main [class com.fengzhaung.seleniumdriver]info(line:45)查找元素超时By.xpath: //*[@id="app"]/div[1]/div[2]/img
2019-06-24 16:37:52,766 INFO main [class com.fengzhaung.seleniumdriver]info(line:45)查找元素超时By.xpath: //*[@id="app"]/div[2]/div[2]/div[1]/span[2]
2019-06-24 16:38:04,886 INFO main [class com.fengzhaung.seleniumdriver]info(line:45)查找元素超时By.xpath: //*[@id="app"]/div[2]/div[2]/div[2]/form/div[1]/div/div/input
2019-06-24 16:38:13,945 INFO main [class com.fengzhaung.seleniumdriver]info(line:45)查找元素超时By.xpath: //*[@id="app"]/div[1]/div[2]/img
2019-06-24 16:38:26,009 INFO main [class com.fengzhaung.seleniumdriver]info(line:45)查找元素超时By.xpath: //*[@id="app"]/div[2]/div[2]/div[1]/span[2]
2019-06-24 18:02:01,897 INFO main [class com.fengzhaung.seleniumdriver]info(line:45)查找元素超时By.linkText: 退出
2019-06-24 18:02:12,002 INFO main [class com.fengzhaung.seleniumdriver]info(line:45)查找元素超时By.xpath: //*[@id="app"]/div[2]/div[2]/div[1]/span[2]
2019-06-24 18:03:21,135 INFO main [class com.fengzhaung.seleniumdriver]info(line:45)查找元素超时By.linkText: 退出
2019-06-25 14:33:24,350 INFO main [class com.fengzhaung.seleniumdriver]info(line:45)查找元素超时By.linkText: 退出
2019-06-26 11:13:46,931 INFO main [class com.fengzhaung.seleniumdriver]info(line:45)查找元素超时By.xpath: //*[@id="app"]/div[2]/div[2]/div[1]/span[2]
2019-06-26 11:17:38,373 INFO main [class com.fengzhaung.seleniumdriver]info(line:45)查找元素超时By.linkText: 退出
2019-06-26 11:56:35,238 INFO main [class com.fengzhaung.seleniumdriver]info(line:45)查找元素超时By.xpath: //*[@id="app"]/div[1]/div/div[3]/div/button
2019-06-26 13:37:23,157 INFO main [class com.fengzhaung.seleniumdriver]info(line:45)查找元素超时By.xpath: //*[@id="app"]/div[1]/div/div[3]/div/button
2019-06-26 13:41:25,886 INFO main [class com.fengzhaung.seleniumdriver]info(line:45)查找元素超时By.linkText: 退出
2019-06-26 13:41:36,065 INFO main [class com.fengzhaung.seleniumdriver]info(line:45)查找元素超时By.xpath: //*[@id="app"]/div[2]/div[2]/div[1]/span[2]
2019-06-26 13:55:49,221 INFO main [class com.fengzhaung.seleniumdriver]info(line:45)查找元素超时By.xpath: //*[@id="app"]/div[1]/div/div[3]/div/form/div[2]/div/button/span
2019-06-26 14:04:48,057 INFO main [class com.fengzhaung.seleniumdriver]info(line:45)查找元素超时By.xpath: //*[@id="app"]/div[1]/div/div[3]/div/form/div[2]/div/button/span
2019-06-28 09:16:37,074 INFO main [class com.fengzhaung.seleniumdriver]info(line:45)查找元素超时By.xpath: //*[@id="app"]/div[2]/div[2]/div[1]/span[2]
2019-06-28 09:23:01,668 INFO main [class com.fengzhaung.seleniumdriver]info(line:45)查找元素超时By.linkText: 退出
2019-06-28 11:54:26,062 INFO main [class com.fengzhaung.seleniumdriver]info(line:45)查找元素超时By.xpath: /html/body/div[3]/div[1]/div[1]/ul/li[6]
